<?xml version="1.0" encoding="utf-8"?>
<test-run id="2" testcasecount="4" result="Passed" total="4" passed="4" failed="0" inconclusive="0" skipped="0" asserts="0" engine-version="3.5.0.0" clr-version="4.0.30319.42000" start-time="2026-07-17 14:03:31Z" end-time="2026-07-17 14:03:32Z" duration="0.0952196">
  <test-suite type="TestSuite" id="1000" name="v4-frostbound-reward-claim" fullname="v4-frostbound-reward-claim" runstate="Runnable" testcasecount="4" result="Passed" start-time="2026-07-17 14:03:31Z" end-time="2026-07-17 14:03:32Z" duration="0.095220" total="4" passed="4" failed="0" inconclusive="0" skipped="0" asserts="0">
    <properties>
      <property name="platform" value="EditMode" />
    </properties>
    <test-suite type="Assembly" id="1006" name="LNHPrism.EditModeTests.dll" fullname="D:/LNHGames/LNH-Prism/unity/v4-frostbound-reward-claim/Library/ScriptAssemblies/LNHPrism.EditModeTests.dll" runstate="Runnable" testcasecount="4" result="Passed" start-time="2026-07-17 14:03:31Z" end-time="2026-07-17 14:03:32Z" duration="0.084842" total="4" passed="4" failed="0" inconclusive="0" skipped="0" asserts="0">
      <properties>
        <property name="_PID" value="2300" />
        <property name="_APPDOMAIN" value="Unity Child Domain" />
        <property name="platform" value="EditMode" />
        <property name="EditorOnly" value="True" />
      </properties>
      <test-suite type="TestSuite" id="1007" name="LNHPrism" fullname="LNHPrism" runstate="Runnable" testcasecount="4" result="Passed" start-time="2026-07-17 14:03:31Z" end-time="2026-07-17 14:03:32Z" duration="0.084450" total="4" passed="4" failed="0" inconclusive="0" skipped="0" asserts="0">
        <properties />
        <test-suite type="TestSuite" id="1008" name="Tests" fullname="LNHPrism.Tests" runstate="Runnable" testcasecount="4" result="Passed" start-time="2026-07-17 14:03:31Z" end-time="2026-07-17 14:03:32Z" duration="0.084258" total="4" passed="4" failed="0" inconclusive="0" skipped="0" asserts="0">
          <properties />
          <test-suite type="TestFixture" id="1001" name="FrostboundImportTests" fullname="LNHPrism.Tests.FrostboundImportTests" classname="LNHPrism.Tests.FrostboundImportTests" runstate="Runnable" testcasecount="4" result="Passed" start-time="2026-07-17 14:03:31Z" end-time="2026-07-17 14:03:32Z" duration="0.083131" total="4" passed="4" failed="0" inconclusive="0" skipped="0" asserts="0">
            <properties />
            <test-case id="1003" name="AppliesEveryDeclaredTextureImporterSetting" fullname="LNHPrism.Tests.FrostboundImportTests.AppliesEveryDeclaredTextureImporterSetting" methodname="AppliesEveryDeclaredTextureImporterSetting" classname="LNHPrism.Tests.FrostboundImportTests" runstate="Runnable" seed="1099021504" result="Passed" start-time="2026-07-17 14:03:31Z" end-time="2026-07-17 14:03:32Z" duration="0.041950" asserts="0">
              <properties>
                <property name="retryIteration" value="0" />
                <property name="repeatIteration" value="0" />
              </properties>
            </test-case>
            <test-case id="1004" name="AtlasContainsExactlyTheDeclaredSprites" fullname="LNHPrism.Tests.FrostboundImportTests.AtlasContainsExactlyTheDeclaredSprites" methodname="AtlasContainsExactlyTheDeclaredSprites" classname="LNHPrism.Tests.FrostboundImportTests" runstate="Runnable" seed="2084968915" result="Passed" start-time="2026-07-17 14:03:32Z" end-time="2026-07-17 14:03:32Z" duration="0.003707" asserts="0">
              <properties>
                <property name="retryIteration" value="0" />
                <property name="repeatIteration" value="0" />
              </properties>
            </test-case>
            <test-case id="1005" name="PrefabsAndSceneKeepResolvableSpriteReferences" fullname="LNHPrism.Tests.FrostboundImportTests.PrefabsAndSceneKeepResolvableSpriteReferences" methodname="PrefabsAndSceneKeepResolvableSpriteReferences" classname="LNHPrism.Tests.FrostboundImportTests" runstate="Runnable" seed="986086203" result="Passed" start-time="2026-07-17 14:03:32Z" end-time="2026-07-17 14:03:32Z" duration="0.017268" asserts="0">
              <properties>
                <property name="retryIteration" value="0" />
                <property name="repeatIteration" value="0" />
              </properties>
            </test-case>
            <test-case id="1002" name="UsesPinnedEditorAndCompleteStableBindings" fullname="LNHPrism.Tests.FrostboundImportTests.UsesPinnedEditorAndCompleteStableBindings" methodname="UsesPinnedEditorAndCompleteStableBindings" classname="LNHPrism.Tests.FrostboundImportTests" runstate="Runnable" seed="1805825185" result="Passed" start-time="2026-07-17 14:03:32Z" end-time="2026-07-17 14:03:32Z" duration="0.005132" asserts="0">
              <properties>
                <property name="retryIteration" value="0" />
                <property name="repeatIteration" value="0" />
              </properties>
              <output><![CDATA[Saving results to: D:\LNHGames\LNH-Prism\docs\validation\evidence\m4-s3-unity-import\edit-mode-results.xml
]]></output>
            </test-case>
          </test-suite>
        </test-suite>
      </test-suite>
    </test-suite>
  </test-suite>
</test-run>